# JRE version: OpenJDK Runtime Environment Corretto-17.0.5.8.1 (17.0.5+8) (build 17.0.5+8-LTS)
# Java VM: OpenJDK 64-Bit Server VM Corretto-17.0.5.8.1 (17.0.5+8-LTS, mixed mode, sharing, tiered, compressed oops, compressed class ptrs, g1 gc, linux-amd64)
GC Precious Log:
 CPUs: 8 total, 8 available
 Memory: 15684M
 Large Page Support: Disabled
 NUMA Support: Disabled
 Compressed Oops: Enabled (Zero based)
 Heap Region Size: 2M
 Heap Min Capacity: 8M
 Heap Initial Capacity: 246M
 Heap Max Capacity: 3922M
 Pre-touch: Disabled
 Parallel Workers: 8
 Concurrent Workers: 2
 Concurrent Refinement Workers: 8
 Periodic GC: Disabled
Heap:
 garbage-first heap   total 55296K, used 26704K [0x000000070ae00000, 0x0000000800000000)
  region size 2048K, 8 young (16384K), 2 survivors (4096K)
 Metaspace       used 33462K, committed 33920K, reserved 1081344K
  class space    used 4365K, committed 4608K, reserved 1048576K
GC Heap History (10 events):
Event: 0,393 GC heap before
{Heap before GC invocations=0 (full 0):
 garbage-first heap   total 256000K, used 24544K [0x000000070ae00000, 0x0000000800000000)
  region size 2048K, 11 young (22528K), 0 survivors (0K)
 Metaspace       used 6488K, committed 6592K, reserved 1056768K
  class space    used 775K, committed 832K, reserved 1048576K
}
Event: 0,396 GC heap after
{Heap after GC invocations=1 (full 0):
 garbage-first heap   total 256000K, used 6112K [0x000000070ae00000, 0x0000000800000000)
  region size 2048K, 2 young (4096K), 2 survivors (4096K)
 Metaspace       used 6488K, committed 6592K, reserved 1056768K
  class space    used 775K, committed 832K, reserved 1048576K
}
Event: 0,703 GC heap before
{Heap before GC invocations=1 (full 0):
 garbage-first heap   total 256000K, used 40928K [0x000000070ae00000, 0x0000000800000000)
  region size 2048K, 19 young (38912K), 2 survivors (4096K)
 Metaspace       used 14808K, committed 15040K, reserved 1064960K
  class space    used 1924K, committed 2048K, reserved 1048576K
}
Event: 0,707 GC heap after
{Heap after GC invocations=2 (full 0):
 garbage-first heap   total 256000K, used 8789K [0x000000070ae00000, 0x0000000800000000)
  region size 2048K, 2 young (4096K), 2 survivors (4096K)
 Metaspace       used 14808K, committed 15040K, reserved 1064960K
  class space    used 1924K, committed 2048K, reserved 1048576K
}
Event: 1,049 GC heap before
{Heap before GC invocations=2 (full 0):
 garbage-first heap   total 256000K, used 45653K [0x000000070ae00000, 0x0000000800000000)
  region size 2048K, 21 young (43008K), 2 survivors (4096K)
 Metaspace       used 21186K, committed 21504K, reserved 1073152K
  class space    used 2733K, committed 2880K, reserved 1048576K
}
Event: 1,052 GC heap after
{Heap after GC invocations=3 (full 0):
 garbage-first heap   total 256000K, used 10838K [0x000000070ae00000, 0x0000000800000000)
  region size 2048K, 3 young (6144K), 3 survivors (6144K)
 Metaspace       used 21186K, committed 21504K, reserved 1073152K
  class space    used 2733K, committed 2880K, reserved 1048576K
}
Event: 1,371 GC heap before
{Heap before GC invocations=4 (full 0):
 garbage-first heap   total 55296K, used 39510K [0x000000070ae00000, 0x0000000800000000)
  region size 2048K, 18 young (36864K), 3 survivors (6144K)
 Metaspace       used 27294K, committed 27776K, reserved 1073152K
  class space    used 3531K, committed 3776K, reserved 1048576K
}
Event: 1,374 GC heap after
{Heap after GC invocations=5 (full 0):
 garbage-first heap   total 55296K, used 14312K [0x000000070ae00000, 0x0000000800000000)
  region size 2048K, 5 young (10240K), 5 survivors (10240K)
 Metaspace       used 27294K, committed 27776K, reserved 1073152K
  class space    used 3531K, committed 3776K, reserved 1048576K
}
Event: 20,927 GC heap before
{Heap before GC invocations=5 (full 0):
 garbage-first heap   total 55296K, used 34792K [0x000000070ae00000, 0x0000000800000000)
  region size 2048K, 15 young (30720K), 5 survivors (10240K)
 Metaspace       used 31034K, committed 31552K, reserved 1081344K
  class space    used 4032K, committed 4288K, reserved 1048576K
}
Event: 20,932 GC heap after
{Heap after GC invocations=6 (full 0):
 garbage-first heap   total 55296K, used 16464K [0x000000070ae00000, 0x0000000800000000)
  region size 2048K, 2 young (4096K), 2 survivors (4096K)
 Metaspace       used 31034K, committed 31552K, reserved 1081344K
  class space    used 4032K, committed 4288K, reserved 1048576K
}

